Turbo Assembler	 Version 4.1	    04/21/15 13:45:18	    Page 1
gettime.asm



      1				     EXTRN HOURS:BYTE
      2				     EXTRN MINUTES:BYTE
      3				     EXTRN SECONDS:BYTE
      4				     EXTRN DAYLIGHT:BYTE
      5				     EXTRN RTC_STATUS:BYTE
      6				     PUBLIC GET_TIME
      7	0000			     .MODEL small
      8	0000			     .CODE
      9	0000			     GET_TIME  PROC FAR
     10	0000  B4 02				     mov ah,02h	     ;int 1Ah read rtc time option
     11	0002  CD 1A				     int 1ah	     ;invoke interrupt
     12	0004  88 2E 0000e			     mov HOURS,CH
     13	0008  88 0E 0000e			     mov MINUTES,CL
     14	000C  88 36 0000e			     mov SECONDS,DH
     15	0010  88 16 0000e			     mov DAYLIGHT,DL
     16	0014  32 FF				     xor bh,bh
     17	0016  80 D7 00				     adc bh,0
     18	0019  88 3E 0000e			     mov RTC_STATUS,bh
     19	001D  CB					RET
     20	001E			     GET_TIME	ENDP
     21						END
Turbo Assembler	 Version 4.1	    04/21/15 13:45:18	    Page 2
Symbol Table




Symbol Name			  Type	 Value

??DATE				  Text	 "04/21/15"
??FILENAME			  Text	 "gettime "
??TIME				  Text	 "13:45:18"
??VERSION			  Number 040A
@32BIT				  Text	 0
@CODE				  Text	 _TEXT
@CODESIZE			  Text	 0
@CPU				  Text	 0101H
@CURSEG				  Text	 _TEXT
@DATA				  Text	 DGROUP
@DATASIZE			  Text	 0
@FILENAME			  Text	 GETTIME
@INTERFACE			  Text	 000H
@MODEL				  Text	 2
@STACK				  Text	 DGROUP
@WORDSIZE			  Text	 2
DAYLIGHT			  Byte	 ----:---- Extern
GET_TIME			  Far	 _TEXT:0000
HOURS				  Byte	 ----:---- Extern
MINUTES				  Byte	 ----:---- Extern
RTC_STATUS			  Byte	 ----:---- Extern
SECONDS				  Byte	 ----:---- Extern

Groups & Segments		  Bit Size Align  Combine Class

DGROUP				  Group
  _DATA				  16  0000 Word	  Public  DATA
_TEXT				  16  001E Word	  Public  CODE
